Waiting for WhatsApp to load...
WhatsApp loaded successfully.
Assistant is running. Monitoring for messages.
Observer active: Monitoring for new messages...
Queueing history fetch for: Werner Kramer
Archivist: Fetching last 10 messages for Werner Kramer
Waiting for WhatsApp to load...
WhatsApp loaded successfully.
Assistant is running. Monitoring for messages.
Observer active: Monitoring for new messages...
Queueing history fetch for: Werner Kramer
Archivist: Fetching last 10 messages for Werner Kramer
Waiting for WhatsApp to load...
WhatsApp loaded successfully.
Assistant is running. Monitoring for messages.
Observer active: Monitoring for new messages...
Queueing history fetch for: Werner Kramer
Archivist: Fetching last 10 messages for Werner Kramer
Waiting for WhatsApp to load...
WhatsApp loaded successfully.
Assistant is running. Monitoring for messages.
Observer active: Monitoring for new messages...
Queueing history fetch for: werner Kramer
Archivist: Fetching last 10 messages for werner Kramer
Waiting for WhatsApp to load...
WhatsApp loaded successfully.
Assistant is running. Monitoring for messages.
Observer active: Monitoring for new messages...
